SOS Game Client Started: 2015-05-12 10:12:05.082358
Connected To Server: localhost
Connected To Server: localhost
Received Message: new game,1
Received Message: new game,0
Received Message: opponents move
Sent Message: 2,O
Received Message: valid move,2,O,0,0
Received Message: valid move,2,O,0,0
Received Message: your move
ove
Sent Message: 1,S
Received Message: valid move,1,S,0,0
Received Message: valid move,1,S,0,0
Received Message: opponents move
Sent Message: 3,S
Received Message: valid move,3,S,0,1
Received Message: valid move,3,S,0,1
Received Message: your move
Received Message: opponents move
Sent Message: 6,S
Received Message: valid move,6,S,0,1
Received Message: valid move,6,S,0,1
Received Message: opponents move
Sent Message: 5,O
Received Message: valid move,5,O,0,1
Received Message: valid move,5,O,0,1
Received Message: opponents move
Received Message: your move
Sent Message: 4,S
Received Message: valid move,4,S,0,2
Received Message: valid move,4,S,0,2
Received Message: your move
Received Message: opponents move
Sent Message: 9,O
Received Message: valid move,9,O,0,2
Received Message: valid move,9,O,0,2
Received Message: opponents move
Received Message: your move
Sent Message: 14,S
Received Message: valid move,14,S,1,2
Received Message: valid move,14,S,1,2
Received Message: your move
Received Message: opponents move
Sent Message: 12,S
Received Message: valid move,12,S,2,2
Received Message: valid move,12,S,2,2
Received Message: your move
Received Message: opponents move
Sent Message: 13,O
Received Message: valid move,13,O,3,2
Received Message: valid move,13,O,3,2
Received Message: your move
Received Message: opponents move
Sent Message: 10,O
Received Message: valid move,10,O,4,2
Received Message: valid move,10,O,4,2
Received Message: your move
Received Message: opponents move
Sent Message: 8,O
Received Message: valid move,8,O,5,2
Received Message: valid move,8,O,5,2
Received Message: your move
Received Message: opponents move
Sent Message: 7,S
Received Message: valid move,7,S,5,2
Received Message: valid move,7,S,5,2
Received Message: your move
Received Message: opponents move
Sent Message: 15,S
Received Message: valid move,15,S,5,2
Received Message: valid move,15,S,5,2
Received Message: your move
ove
Sent Message: 11,O
Received Message: valid move,11,O,6,2
Received Message: valid move,11,O,6,2
Received Message: your move
Received Message: opponents move
Sent Message: 0,S
Received Message: valid move,0,S,6,2
Received Message: valid move,0,S,6,2
Received Message: game over,0,6,2
Received Message: game over,0,6,2
Received Message: play again
Sent Message: y
Sent Message: y
Received Message: new game,0
Received Message: new game,1
Received Message: your move
Received Message: opponents move
Sent Message: 3,S
Received Message: valid move,3,S,0,0
Received Message: valid move,3,S,0,0
Received Message: opponents move
SOS Game Client Ended: 2015-05-12 10:14:53.012358
SOS Game Client Ended: 2015-05-12 10:14:53.064358
